2019-07-10 21:40:56 源码解析失败！
2019-07-10 21:40:56 更新数据库文件
2019-07-10 21:42:06 源码解析失败！
2019-07-10 21:42:06 尚未发现新论文，数据依旧
2019-07-10 21:44:07 源码解析成功！
Sent failed!Trying to smtp.126.com:25
Connected to relay host smtp.126.com
Error: Remote host returned "535 Error: authentication failed"
Error: Error occurred while sending AUTH command.
Error: Cannot send email to <stone_movies@126.com>
Disconnected from remote host

Sent failed!Trying to smtp.126.com:25
Connected to relay host smtp.126.com
Error: Remote host returned "535 Error: authentication failed"
Error: Error occurred while sending AUTH command.
Error: Cannot send email to <stone_movies@126.com>
Disconnected from remote host

Sent failed!Trying to smtp.126.com:25
Connected to relay host smtp.126.com
Error: Remote host returned "535 Error: authentication failed"
Error: Error occurred while sending AUTH command.
Error: Cannot send email to <stone_movies@126.com>
Disconnected from remote host

Sent failed!Trying to smtp.126.com:25
Connected to relay host smtp.126.com
Error: Remote host returned "535 Error: authentication failed"
Error: Error occurred while sending AUTH command.
Error: Cannot send email to <stone_movies@126.com>
Disconnected from remote host

Sent failed!Trying to smtp.126.com:25
Connected to relay host smtp.126.com
Error: Remote host returned "535 Error: authentication failed"
Error: Error occurred while sending AUTH command.
Error: Cannot send email to <stone_movies@126.com>
Disconnected from remote host

Sent failed!Trying to smtp.126.com:25
Connected to relay host smtp.126.com
Error: Remote host returned "535 Error: authentication failed"
Error: Error occurred while sending AUTH command.
Error: Cannot send email to <stone_movies@126.com>
Disconnected from remote host

Sent failed!Trying to smtp.126.com:25
Connected to relay host smtp.126.com
Error: Remote host returned "535 Error: authentication failed"
Error: Error occurred while sending AUTH command.
Error: Cannot send email to <stone_movies@126.com>
Disconnected from remote host

Sent failed!Trying to smtp.126.com:25
Connected to relay host smtp.126.com
Error: Remote host returned "535 Error: authentication failed"
Error: Error occurred while sending AUTH command.
Error: Cannot send email to <stone_movies@126.com>
Disconnected from remote host

Sent failed!Trying to smtp.126.com:25
Connected to relay host smtp.126.com
Error: Remote host returned "535 Error: authentication failed"
Error: Error occurred while sending AUTH command.
Error: Cannot send email to <stone_movies@126.com>
Disconnected from remote host

2019-07-10 21:44:20 更新数据库文件
2019-07-10 21:49:22 源码解析成功！
发现新Paper!
SRA: Secure Reverse Auction for Task Assignment in Spatial Crowdsourcing
2019
IEEEXplore
http://ieeexplore.ieee.org/document/8613932/
 来自：百度学术
Sent failed!Trying to smtp.126.com:25
Connected to relay host smtp.126.com
Error: Remote host returned "535 Error: authentication failed"
Error: Error occurred while sending AUTH command.
Error: Cannot send email to <stone_movies@126.com>
Disconnected from remote host

发现新Paper!
A DNA prime/protein boost vaccine protocol developed against Campylobacter jejuni for poultry
2018
Elsevier
http://www.sciencedirect.com/science/article/pii/S0264410X18303311
 来自：百度学术
Sent failed!Trying to smtp.126.com:25
Connected to relay host smtp.126.com
Error: Remote host returned "535 Error: authentication failed"
Error: Error occurred while sending AUTH command.
Error: Cannot send email to <stone_movies@126.com>
Disconnected from remote host

2019-07-10 21:49:22 更新数据库文件
2019-07-10 21:54:42 源码解析失败！
2019-07-10 21:54:42 尚未发现新论文，数据依旧
2019-07-10 21:55:21 源码解析失败！
2019-07-10 21:55:21 尚未发现新论文，数据依旧
2019-07-10 21:55:39 源码解析失败！
2019-07-10 21:55:39 尚未发现新论文，数据依旧
2019-07-10 21:56:03 源码解析成功！
发现新Paper:
SRA: Secure Reverse Auction for Task Assignment in Spatial Crowdsourcing
2019
IEEEXplore
http://ieeexplore.ieee.org/document/8613932/
来自：百度学术
Sent success!
发现新Paper:
A DNA prime/protein boost vaccine protocol developed against Campylobacter jejuni for poultry
2018
Elsevier
http://www.sciencedirect.com/science/article/pii/S0264410X18303311
来自：百度学术
Sent success!
2019-07-10 21:56:05 更新数据库文件
2019-07-10 22:00:45 源码解析失败！
2019-07-10 22:00:45 尚未发现新论文，数据依旧
2019-07-10 22:01:05 源码解析成功！
发现新Paper:<br/>
SRA: Secure Reverse Auction for Task Assignment in Spatial Crowdsourcing<br/>
2019<br/>
IEEEXplore<br/>
http://ieeexplore.ieee.org/document/8613932/<br/>
来自：百度学术<br/>
Sent success!
发现新Paper:<br/>
A DNA prime/protein boost vaccine protocol developed against Campylobacter jejuni for poultry<br/>
2018<br/>
Elsevier<br/>
http://www.sciencedirect.com/science/article/pii/S0264410X18303311<br/>
来自：百度学术<br/>
Sent success!
2019-07-10 22:01:18 更新数据库文件
2019-07-11 17:00:44 2019-07-11 17:00:44 2019-07-11 17:00:44 2019-07-11 17:00:44 源码解析失败！
2019-07-11 17:00:44 尚未发现新论文，数据依旧
2019-07-11 17:02:26 http://xueshu.baidu.com/s?wd=protocol+reverse&pn=0&tn=SE_baiduxueshu_c1gjeupa&ie=utf-8&sort=sc_time&sc_f_para=sc_tasktype%3D%7BfirstSimpleSearch%7D&sc_hit=1 爬取结束, 爬取结果为 0KB 
2019-07-11 17:02:26 2019-07-11 17:02:26 百度学术 单行匹配失败!
2019-07-11 17:02:26 源码解析失败！
2019-07-11 17:02:26 尚未发现新论文，数据依旧
2019-07-11 17:03:56 http://xueshu.baidu.com/s?wd=protocol+reverse&pn=0&tn=SE_baiduxueshu_c1gjeupa&ie=utf-8&sort=sc_time&sc_f_para=sc_tasktype%3D%7BfirstSimpleSearch%7D&sc_hit=1 爬取结束, 爬取结果为 159.36KB 
2019-07-11 17:03:56 源码解析失败！
2019-07-11 17:04:08 发现新Paper:<br/>
名称： SRA: Secure Reverse Auction for Task Assignment in Spatial Crowdsourcing <br/>
发布时间：2019 <br/>
来源/类型： IEEEXplore <br/>
链接： http://ieeexplore.ieee.org/document/8613932/ <br/>
来自： 百度学术 <br/>
Sent success!
2019-07-11 17:04:09 发现新Paper:<br/>
名称： A DNA prime/protein boost vaccine protocol developed against Campylobacter jejuni for poultry <br/>
发布时间：2018 <br/>
来源/类型： Elsevier <br/>
链接： http://www.sciencedirect.com/science/article/pii/S0264410X18303311 <br/>
来自： 百度学术 <br/>
Sent success!
2019-07-11 17:04:09 更新数据库文件
